# JRE version: Java(TM) SE Runtime Environment (8.0_40-b25) (build 1.8.0_40-b25)
# Java VM: Java HotSpot(TM) Client VM (25.40-b25 mixed mode, sharing windows-x86 )
Heap:
 def new generation   total 4992K, used 2778K [0x04200000, 0x04760000, 0x09750000)
  eden space 4480K,  61% used [0x04200000, 0x044b6650, 0x04660000)
  from space 512K,   0% used [0x046e0000, 0x046e02d8, 0x04760000)
  to   space 512K,   0% used [0x04660000, 0x04660000, 0x046e0000)
 tenured generation   total 10944K, used 256K [0x09750000, 0x0a200000, 0x14200000)
   the space 10944K,   2% used [0x09750000, 0x097900f0, 0x09790200, 0x0a200000)
 Metaspace       used 69K, capacity 2248K, committed 2368K, reserved 4480K
GC Heap History (10 events):
Event: 4.795 GC heap before
{Heap before GC invocations=12 (full 0):
 def new generation   total 4992K, used 4480K [0x04200000, 0x04760000, 0x09750000)
  eden space 4480K, 100% used [0x04200000, 0x04660000, 0x04660000)
  from space 512K,   0% used [0x04660000, 0x046602d8, 0x046e0000)
  to   space 512K,   0% used [0x046e0000, 0x046e0000, 0x04760000)
 tenured generation   total 10944K, used 256K [0x09750000, 0x0a200000, 0x14200000)
   the space 10944K,   2% used [0x09750000, 0x097900f0, 0x09790200, 0x0a200000)
 Metaspace       used 69K, capacity 2248K, committed 2368K, reserved 4480K
Event: 4.795 GC heap after
Heap after GC invocations=13 (full 0):
 def new generation   total 4992K, used 0K [0x04200000, 0x04760000, 0x09750000)
  eden space 4480K,   0% used [0x04200000, 0x04200000, 0x04660000)
  from space 512K,   0% used [0x046e0000, 0x046e0158, 0x04760000)
  to   space 512K,   0% used [0x04660000, 0x04660000, 0x046e0000)
 tenured generation   total 10944K, used 256K [0x09750000, 0x0a200000, 0x14200000)
   the space 10944K,   2% used [0x09750000, 0x097900f0, 0x09790200, 0x0a200000)
 Metaspace       used 69K, capacity 2248K, committed 2368K, reserved 4480K
}
Event: 5.161 GC heap before
{Heap before GC invocations=13 (full 0):
 def new generation   total 4992K, used 4480K [0x04200000, 0x04760000, 0x09750000)
  eden space 4480K, 100% used [0x04200000, 0x04660000, 0x04660000)
  from space 512K,   0% used [0x046e0000, 0x046e0158, 0x04760000)
  to   space 512K,   0% used [0x04660000, 0x04660000, 0x046e0000)
 tenured generation   total 10944K, used 256K [0x09750000, 0x0a200000, 0x14200000)
   the space 10944K,   2% used [0x09750000, 0x097900f0, 0x09790200, 0x0a200000)
 Metaspace       used 69K, capacity 2248K, committed 2368K, reserved 4480K
Event: 5.161 GC heap after
Heap after GC invocations=14 (full 0):
 def new generation   total 4992K, used 0K [0x04200000, 0x04760000, 0x09750000)
  eden space 4480K,   0% used [0x04200000, 0x04200000, 0x04660000)
  from space 512K,   0% used [0x04660000, 0x04660158, 0x046e0000)
  to   space 512K,   0% used [0x046e0000, 0x046e0000, 0x04760000)
 tenured generation   total 10944K, used 256K [0x09750000, 0x0a200000, 0x14200000)
   the space 10944K,   2% used [0x09750000, 0x097900f0, 0x09790200, 0x0a200000)
 Metaspace       used 69K, capacity 2248K, committed 2368K, reserved 4480K
}
Event: 5.520 GC heap before
{Heap before GC invocations=14 (full 0):
 def new generation   total 4992K, used 4480K [0x04200000, 0x04760000, 0x09750000)
  eden space 4480K, 100% used [0x04200000, 0x04660000, 0x04660000)
  from space 512K,   0% used [0x04660000, 0x04660158, 0x046e0000)
  to   space 512K,   0% used [0x046e0000, 0x046e0000, 0x04760000)
 tenured generation   total 10944K, used 256K [0x09750000, 0x0a200000, 0x14200000)
   the space 10944K,   2% used [0x09750000, 0x097900f0, 0x09790200, 0x0a200000)
 Metaspace       used 69K, capacity 2248K, committed 2368K, reserved 4480K
Event: 5.520 GC heap after
Heap after GC invocations=15 (full 0):
 def new generation   total 4992K, used 0K [0x04200000, 0x04760000, 0x09750000)
  eden space 4480K,   0% used [0x04200000, 0x04200000, 0x04660000)
  from space 512K,   0% used [0x046e0000, 0x046e0158, 0x04760000)
  to   space 512K,   0% used [0x04660000, 0x04660000, 0x046e0000)
 tenured generation   total 10944K, used 256K [0x09750000, 0x0a200000, 0x14200000)
   the space 10944K,   2% used [0x09750000, 0x097900f0, 0x09790200, 0x0a200000)
 Metaspace       used 69K, capacity 2248K, committed 2368K, reserved 4480K
}
Event: 5.877 GC heap before
{Heap before GC invocations=15 (full 0):
 def new generation   total 4992K, used 4480K [0x04200000, 0x04760000, 0x09750000)
  eden space 4480K, 100% used [0x04200000, 0x04660000, 0x04660000)
  from space 512K,   0% used [0x046e0000, 0x046e0158, 0x04760000)
  to   space 512K,   0% used [0x04660000, 0x04660000, 0x046e0000)
 tenured generation   total 10944K, used 256K [0x09750000, 0x0a200000, 0x14200000)
   the space 10944K,   2% used [0x09750000, 0x097900f0, 0x09790200, 0x0a200000)
 Metaspace       used 69K, capacity 2248K, committed 2368K, reserved 4480K
Event: 5.877 GC heap after
Heap after GC invocations=16 (full 0):
 def new generation   total 4992K, used 0K [0x04200000, 0x04760000, 0x09750000)
  eden space 4480K,   0% used [0x04200000, 0x04200000, 0x04660000)
  from space 512K,   0% used [0x04660000, 0x04660310, 0x046e0000)
  to   space 512K,   0% used [0x046e0000, 0x046e0000, 0x04760000)
 tenured generation   total 10944K, used 256K [0x09750000, 0x0a200000, 0x14200000)
   the space 10944K,   2% used [0x09750000, 0x097900f0, 0x09790200, 0x0a200000)
 Metaspace       used 69K, capacity 2248K, committed 2368K, reserved 4480K
}
Event: 6.237 GC heap before
{Heap before GC invocations=16 (full 0):
 def new generation   total 4992K, used 4480K [0x04200000, 0x04760000, 0x09750000)
  eden space 4480K, 100% used [0x04200000, 0x04660000, 0x04660000)
  from space 512K,   0% used [0x04660000, 0x04660310, 0x046e0000)
  to   space 512K,   0% used [0x046e0000, 0x046e0000, 0x04760000)
 tenured generation   total 10944K, used 256K [0x09750000, 0x0a200000, 0x14200000)
   the space 10944K,   2% used [0x09750000, 0x097900f0, 0x09790200, 0x0a200000)
 Metaspace       used 69K, capacity 2248K, committed 2368K, reserved 4480K
Event: 6.237 GC heap after
Heap after GC invocations=17 (full 0):
 def new generation   total 4992K, used 0K [0x04200000, 0x04760000, 0x09750000)
  eden space 4480K,   0% used [0x04200000, 0x04200000, 0x04660000)
  from space 512K,   0% used [0x046e0000, 0x046e02d8, 0x04760000)
  to   space 512K,   0% used [0x04660000, 0x04660000, 0x046e0000)
 tenured generation   total 10944K, used 256K [0x09750000, 0x0a200000, 0x14200000)
   the space 10944K,   2% used [0x09750000, 0x097900f0, 0x09790200, 0x0a200000)
 Metaspace       used 69K, capacity 2248K, committed 2368K, reserved 4480K
}

