# JRE version: Java(TM) SE Runtime Environment (8.0_40-b25) (build 1.8.0_40-b25)
# Java VM: Java HotSpot(TM) Client VM (25.40-b25 mixed mode windows-x86 )
Heap:
 def new generation   total 4928K, used 89K [0x04200000, 0x04750000, 0x09750000)
  eden space 4416K,   2% used [0x04200000, 0x042162b0, 0x04650000)
  from space 512K,   0% used [0x046d0000, 0x046d0158, 0x04750000)
  to   space 512K,   0% used [0x04650000, 0x04650000, 0x046d0000)
 tenured generation   total 10944K, used 254K [0x09750000, 0x0a200000, 0x14200000)
   the space 10944K,   2% used [0x09750000, 0x0978fb08, 0x0978fc00, 0x0a200000)
 Metaspace       used 1583K, capacity 2248K, committed 2368K, reserved 4480K
GC Heap History (10 events):
Event: 4.763 GC heap before
{Heap before GC invocations=12 (full 0):
 def new generation   total 4928K, used 4671K [0x04200000, 0x04750000, 0x09750000)
  eden space 4416K, 100% used [0x04200000, 0x04650000, 0x04650000)
  from space 512K,  49% used [0x04650000, 0x0468fc60, 0x046d0000)
  to   space 512K,   0% used [0x046d0000, 0x046d0000, 0x04750000)
 tenured generation   total 10944K, used 0K [0x09750000, 0x0a200000, 0x14200000)
   the space 10944K,   0% used [0x09750000, 0x09750000, 0x09750200, 0x0a200000)
 Metaspace       used 1583K, capacity 2248K, committed 2368K, reserved 4480K
Event: 4.764 GC heap after
Heap after GC invocations=13 (full 0):
 def new generation   total 4928K, used 255K [0x04200000, 0x04750000, 0x09750000)
  eden space 4416K,   0% used [0x04200000, 0x04200000, 0x04650000)
  from space 512K,  49% used [0x046d0000, 0x0470fe18, 0x04750000)
  to   space 512K,   0% used [0x04650000, 0x04650000, 0x046d0000)
 tenured generation   total 10944K, used 0K [0x09750000, 0x0a200000, 0x14200000)
   the space 10944K,   0% used [0x09750000, 0x09750000, 0x09750200, 0x0a200000)
 Metaspace       used 1583K, capacity 2248K, committed 2368K, reserved 4480K
}
Event: 5.117 GC heap before
{Heap before GC invocations=13 (full 0):
 def new generation   total 4928K, used 4671K [0x04200000, 0x04750000, 0x09750000)
  eden space 4416K, 100% used [0x04200000, 0x04650000, 0x04650000)
  from space 512K,  49% used [0x046d0000, 0x0470fe18, 0x04750000)
  to   space 512K,   0% used [0x04650000, 0x04650000, 0x046d0000)
 tenured generation   total 10944K, used 0K [0x09750000, 0x0a200000, 0x14200000)
   the space 10944K,   0% used [0x09750000, 0x09750000, 0x09750200, 0x0a200000)
 Metaspace       used 1583K, capacity 2248K, committed 2368K, reserved 4480K
Event: 5.117 GC heap after
Heap after GC invocations=14 (full 0):
 def new generation   total 4928K, used 255K [0x04200000, 0x04750000, 0x09750000)
  eden space 4416K,   0% used [0x04200000, 0x04200000, 0x04650000)
  from space 512K,  49% used [0x04650000, 0x0468fe20, 0x046d0000)
  to   space 512K,   0% used [0x046d0000, 0x046d0000, 0x04750000)
 tenured generation   total 10944K, used 0K [0x09750000, 0x0a200000, 0x14200000)
   the space 10944K,   0% used [0x09750000, 0x09750000, 0x09750200, 0x0a200000)
 Metaspace       used 1583K, capacity 2248K, committed 2368K, reserved 4480K
}
Event: 5.477 GC heap before
{Heap before GC invocations=14 (full 0):
 def new generation   total 4928K, used 4671K [0x04200000, 0x04750000, 0x09750000)
  eden space 4416K, 100% used [0x04200000, 0x04650000, 0x04650000)
  from space 512K,  49% used [0x04650000, 0x0468fe20, 0x046d0000)
  to   space 512K,   0% used [0x046d0000, 0x046d0000, 0x04750000)
 tenured generation   total 10944K, used 0K [0x09750000, 0x0a200000, 0x14200000)
   the space 10944K,   0% used [0x09750000, 0x09750000, 0x09750200, 0x0a200000)
 Metaspace       used 1583K, capacity 2248K, committed 2368K, reserved 4480K
Event: 5.478 GC heap after
Heap after GC invocations=15 (full 0):
 def new generation   total 4928K, used 255K [0x04200000, 0x04750000, 0x09750000)
  eden space 4416K,   0% used [0x04200000, 0x04200000, 0x04650000)
  from space 512K,  49% used [0x046d0000, 0x0470fc60, 0x04750000)
  to   space 512K,   0% used [0x04650000, 0x04650000, 0x046d0000)
 tenured generation   total 10944K, used 0K [0x09750000, 0x0a200000, 0x14200000)
   the space 10944K,   0% used [0x09750000, 0x09750000, 0x09750200, 0x0a200000)
 Metaspace       used 1583K, capacity 2248K, committed 2368K, reserved 4480K
}
Event: 5.865 GC heap before
{Heap before GC invocations=15 (full 0):
 def new generation   total 4928K, used 4671K [0x04200000, 0x04750000, 0x09750000)
  eden space 4416K, 100% used [0x04200000, 0x04650000, 0x04650000)
  from space 512K,  49% used [0x046d0000, 0x0470fc60, 0x04750000)
  to   space 512K,   0% used [0x04650000, 0x04650000, 0x046d0000)
 tenured generation   total 10944K, used 0K [0x09750000, 0x0a200000, 0x14200000)
   the space 10944K,   0% used [0x09750000, 0x09750000, 0x09750200, 0x0a200000)
 Metaspace       used 1583K, capacity 2248K, committed 2368K, reserved 4480K
Event: 5.866 GC heap after
Heap after GC invocations=16 (full 0):
 def new generation   total 4928K, used 0K [0x04200000, 0x04750000, 0x09750000)
  eden space 4416K,   0% used [0x04200000, 0x04200000, 0x04650000)
  from space 512K,   0% used [0x04650000, 0x046502e8, 0x046d0000)
  to   space 512K,   0% used [0x046d0000, 0x046d0000, 0x04750000)
 tenured generation   total 10944K, used 254K [0x09750000, 0x0a200000, 0x14200000)
   the space 10944K,   2% used [0x09750000, 0x0978fb08, 0x0978fc00, 0x0a200000)
 Metaspace       used 1583K, capacity 2248K, committed 2368K, reserved 4480K
}
Event: 6.273 GC heap before
{Heap before GC invocations=16 (full 0):
 def new generation   total 4928K, used 4416K [0x04200000, 0x04750000, 0x09750000)
  eden space 4416K, 100% used [0x04200000, 0x04650000, 0x04650000)
  from space 512K,   0% used [0x04650000, 0x046502e8, 0x046d0000)
  to   space 512K,   0% used [0x046d0000, 0x046d0000, 0x04750000)
 tenured generation   total 10944K, used 254K [0x09750000, 0x0a200000, 0x14200000)
   the space 10944K,   2% used [0x09750000, 0x0978fb08, 0x0978fc00, 0x0a200000)
 Metaspace       used 1583K, capacity 2248K, committed 2368K, reserved 4480K
Event: 6.274 GC heap after
Heap after GC invocations=17 (full 0):
 def new generation   total 4928K, used 0K [0x04200000, 0x04750000, 0x09750000)
  eden space 4416K,   0% used [0x04200000, 0x04200000, 0x04650000)
  from space 512K,   0% used [0x046d0000, 0x046d0158, 0x04750000)
  to   space 512K,   0% used [0x04650000, 0x04650000, 0x046d0000)
 tenured generation   total 10944K, used 254K [0x09750000, 0x0a200000, 0x14200000)
   the space 10944K,   2% used [0x09750000, 0x0978fb08, 0x0978fc00, 0x0a200000)
 Metaspace       used 1583K, capacity 2248K, committed 2368K, reserved 4480K
}

